++++++++++++++++++++++++++++++++
|        Parser results        |
++++++++++++++++++++++++++++++++
=>  NO ERRORS!Successfully Parsed!  

++++++++++++++++++++++++++++++++
|      TAC code Generation     |
++++++++++++++++++++++++++++++++

pow: 

	   1:	t00 = 1
	   2:	ans1 = t00
	   3:	t01 = 0
	   4:	i = t01
	   5:	if i < n goto 10
	   6:	goto 13
	   7:	t03 = i
	   8:	i = i + 1
	   9:	goto 5
	  10:	t04 = ans1 * a
	  11:	ans1 = t04
	  12:	goto 7
	  13:	return ans1

main: 

	  15:	t00 = 1
	  16:	eP = t00
	  17:	param t01
	  18:	t02 = call printStr, 1
	  19:	param t03
	  20:	t04 = call printStr, 1
	  21:	t05 = &eP
	  22:	param t05
	  23:	t06 = call readInt, 1
	  24:	a = t06
	  25:	param t08
	  26:	t09 = call printStr, 1
	  27:	t10 = &eP
	  28:	param t10
	  29:	t11 = call readInt, 1
	  30:	n = t11
	  31:	param t13
	  32:	t14 = call printStr, 1
	  33:	param a
	  34:	param n
	  35:	t15 = call pow, 2
	  36:	ans = t15
	  37:	param ans
	  38:	t17 = call printInt, 1
	  39:	param t18
	  40:	t19 = call printStr, 1
	  41:	t20 = 0
	  42:	return t20
++++++++++++++++++++++++++++++++++++++++++++++++++++++++++++++++++++++++++++++++++++++++++++++++++++++++++++++++++++++++


++++++++++++++++++++++++++++++++++++++++
|  Symbol Tables Used for the Program  |
++++++++++++++++++++++++++++++++++++++++

+++++++++++++++++++++++++++++++++++++++++++++++++++++++++++++++++++++++++++++++++++++++++++++++++++++++++++++++++++++++++++++
ST . Global()                                                                                              Parent: null
~~~~~~~~~~~~~~~~~~~~~~~~~~~~~~~~~~~~~~~~~~~~~~~~~~~~~~~~~~~~~~~~~~~~~~~~~~~~~~~~~~~~~~~~~~~~~~~~~~~~~~~~~~~~~~~~~~~~~~~~~~~~~
NAME      | TYPE                | CATEGORY  | INITIAL VALUE                           | SIZE      | OFFSET    | NESTED TABLE
~~~~~~~~~~~~~~~~~~~~~~~~~~~~~~~~~~~~~~~~~~~~~~~~~~~~~~~~~~~~~~~~~~~~~~~~~~~~~~~~~~~~~~~~~~~~~~~~~~~~~~~~~~~~~~~~~~~~~~~~~~~~~
printStr  | int                 | function  |                                         | 0         | 0         | printStr
printInt  | int                 | function  |                                         | 0         | 0         | printInt
readInt   | int                 | function  |                                         | 0         | 0         | readInt
pow       | int                 | function  |                                         | 0         | 0         | pow
main      | int                 | function  |                                         | 0         | 0         | main
~~~~~~~~~~~~~~~~~~~~~~~~~~~~~~~~~~~~~~~~~~~~~~~~~~~~~~~~~~~~~~~~~~~~~~~~~~~~~~~~~~~~~~~~~~~~~~~~~~~~~~~~~~~~~~~~~~~~~~~~~~~~~

+++++++++++++++++++++++++++++++++++++++++++++++++++++++++++++++++++++++++++++++++++++++++++++++++++++++++++++++++++++++++++++
ST . printStr()                                                                                            Parent: Global
~~~~~~~~~~~~~~~~~~~~~~~~~~~~~~~~~~~~~~~~~~~~~~~~~~~~~~~~~~~~~~~~~~~~~~~~~~~~~~~~~~~~~~~~~~~~~~~~~~~~~~~~~~~~~~~~~~~~~~~~~~~~~
NAME      | TYPE                | CATEGORY  | INITIAL VALUE                           | SIZE      | OFFSET    | NESTED TABLE
~~~~~~~~~~~~~~~~~~~~~~~~~~~~~~~~~~~~~~~~~~~~~~~~~~~~~~~~~~~~~~~~~~~~~~~~~~~~~~~~~~~~~~~~~~~~~~~~~~~~~~~~~~~~~~~~~~~~~~~~~~~~~
c         | char*               | param     |                                         | 4         | 4         | null
return    | int                 | local     |                                         | 4         | 0         | null
~~~~~~~~~~~~~~~~~~~~~~~~~~~~~~~~~~~~~~~~~~~~~~~~~~~~~~~~~~~~~~~~~~~~~~~~~~~~~~~~~~~~~~~~~~~~~~~~~~~~~~~~~~~~~~~~~~~~~~~~~~~~~

+++++++++++++++++++++++++++++++++++++++++++++++++++++++++++++++++++++++++++++++++++++++++++++++++++++++++++++++++++++++++++++
ST . printInt()                                                                                            Parent: Global
~~~~~~~~~~~~~~~~~~~~~~~~~~~~~~~~~~~~~~~~~~~~~~~~~~~~~~~~~~~~~~~~~~~~~~~~~~~~~~~~~~~~~~~~~~~~~~~~~~~~~~~~~~~~~~~~~~~~~~~~~~~~~
NAME      | TYPE                | CATEGORY  | INITIAL VALUE                           | SIZE      | OFFSET    | NESTED TABLE
~~~~~~~~~~~~~~~~~~~~~~~~~~~~~~~~~~~~~~~~~~~~~~~~~~~~~~~~~~~~~~~~~~~~~~~~~~~~~~~~~~~~~~~~~~~~~~~~~~~~~~~~~~~~~~~~~~~~~~~~~~~~~
i         | int                 | param     |                                         | 4         | 4         | null
return    | int                 | local     |                                         | 4         | 0         | null
~~~~~~~~~~~~~~~~~~~~~~~~~~~~~~~~~~~~~~~~~~~~~~~~~~~~~~~~~~~~~~~~~~~~~~~~~~~~~~~~~~~~~~~~~~~~~~~~~~~~~~~~~~~~~~~~~~~~~~~~~~~~~

+++++++++++++++++++++++++++++++++++++++++++++++++++++++++++++++++++++++++++++++++++++++++++++++++++++++++++++++++++++++++++++
ST . readInt()                                                                                             Parent: Global
~~~~~~~~~~~~~~~~~~~~~~~~~~~~~~~~~~~~~~~~~~~~~~~~~~~~~~~~~~~~~~~~~~~~~~~~~~~~~~~~~~~~~~~~~~~~~~~~~~~~~~~~~~~~~~~~~~~~~~~~~~~~~
NAME      | TYPE                | CATEGORY  | INITIAL VALUE                           | SIZE      | OFFSET    | NESTED TABLE
~~~~~~~~~~~~~~~~~~~~~~~~~~~~~~~~~~~~~~~~~~~~~~~~~~~~~~~~~~~~~~~~~~~~~~~~~~~~~~~~~~~~~~~~~~~~~~~~~~~~~~~~~~~~~~~~~~~~~~~~~~~~~
eP        | int*                | param     |                                         | 4         | 4         | null
return    | int                 | local     |                                         | 4         | 0         | null
~~~~~~~~~~~~~~~~~~~~~~~~~~~~~~~~~~~~~~~~~~~~~~~~~~~~~~~~~~~~~~~~~~~~~~~~~~~~~~~~~~~~~~~~~~~~~~~~~~~~~~~~~~~~~~~~~~~~~~~~~~~~~

+++++++++++++++++++++++++++++++++++++++++++++++++++++++++++++++++++++++++++++++++++++++++++++++++++++++++++++++++++++++++++++
ST . pow()                                                                                                 Parent: Global
~~~~~~~~~~~~~~~~~~~~~~~~~~~~~~~~~~~~~~~~~~~~~~~~~~~~~~~~~~~~~~~~~~~~~~~~~~~~~~~~~~~~~~~~~~~~~~~~~~~~~~~~~~~~~~~~~~~~~~~~~~~~~
NAME      | TYPE                | CATEGORY  | INITIAL VALUE                           | SIZE      | OFFSET    | NESTED TABLE
~~~~~~~~~~~~~~~~~~~~~~~~~~~~~~~~~~~~~~~~~~~~~~~~~~~~~~~~~~~~~~~~~~~~~~~~~~~~~~~~~~~~~~~~~~~~~~~~~~~~~~~~~~~~~~~~~~~~~~~~~~~~~
a         | int                 | param     |                                         | 4         | 4         | null
n         | int                 | param     |                                         | 4         | 8         | null
return    | int                 | local     |                                         | 4         | 0         | null
ans1      | int                 | local     | 1                                       | 4         | -4        | null
t00       | int                 | temp      | 1                                       | 4         | -8        | null
i         | int                 | local     |                                         | 4         | -12       | null
t01       | int                 | temp      | 0                                       | 4         | -16       | null
t02       | int                 | temp      |                                         | 4         | -20       | null
t03       | int                 | temp      |                                         | 4         | -24       | null
t04       | int                 | temp      |                                         | 4         | -28       | null
t05       | int                 | temp      |                                         | 4         | -32       | null
~~~~~~~~~~~~~~~~~~~~~~~~~~~~~~~~~~~~~~~~~~~~~~~~~~~~~~~~~~~~~~~~~~~~~~~~~~~~~~~~~~~~~~~~~~~~~~~~~~~~~~~~~~~~~~~~~~~~~~~~~~~~~

+++++++++++++++++++++++++++++++++++++++++++++++++++++++++++++++++++++++++++++++++++++++++++++++++++++++++++++++++++++++++++++
ST . main()                                                                                                Parent: Global
~~~~~~~~~~~~~~~~~~~~~~~~~~~~~~~~~~~~~~~~~~~~~~~~~~~~~~~~~~~~~~~~~~~~~~~~~~~~~~~~~~~~~~~~~~~~~~~~~~~~~~~~~~~~~~~~~~~~~~~~~~~~~
NAME      | TYPE                | CATEGORY  | INITIAL VALUE                           | SIZE      | OFFSET    | NESTED TABLE
~~~~~~~~~~~~~~~~~~~~~~~~~~~~~~~~~~~~~~~~~~~~~~~~~~~~~~~~~~~~~~~~~~~~~~~~~~~~~~~~~~~~~~~~~~~~~~~~~~~~~~~~~~~~~~~~~~~~~~~~~~~~~
return    | int                 | local     |                                         | 4         | 0         | null
a         | int                 | local     |                                         | 4         | -4        | null
n         | int                 | local     |                                         | 4         | -8        | null
ans       | int                 | local     |                                         | 4         | -12       | null
eP        | int                 | local     | 1                                       | 4         | -16       | null
t00       | int                 | temp      | 1                                       | 4         | -20       | null
printStr  | int                 | local     |                                         | 4         | -24       | null
t01       | char*               | temp      | "Program to compute nth power of 'a'...\n"| 4         | -28       | null
t02       | int                 | temp      |                                         | 4         | -32       | null
t03       | char*               | temp      | "Enter a number: "                      | 4         | -36       | null
t04       | int                 | temp      |                                         | 4         | -40       | null
readInt   | int                 | local     |                                         | 4         | -44       | null
t05       | int*                | temp      |                                         | 4         | -48       | null
t06       | int                 | temp      |                                         | 4         | -52       | null
t07       | int                 | temp      |                                         | 4         | -56       | null
t08       | char*               | temp      | "Enter a exponent: "                    | 4         | -60       | null
t09       | int                 | temp      |                                         | 4         | -64       | null
t10       | int*                | temp      |                                         | 4         | -68       | null
t11       | int                 | temp      |                                         | 4         | -72       | null
t12       | int                 | temp      |                                         | 4         | -76       | null
t13       | char*               | temp      | "\nnth power of 'a' is: "               | 4         | -80       | null
t14       | int                 | temp      |                                         | 4         | -84       | null
pow       | int                 | local     |                                         | 4         | -88       | null
t15       | int                 | temp      |                                         | 4         | -92       | null
t16       | int                 | temp      |                                         | 4         | -96       | null
printInt  | int                 | local     |                                         | 4         | -100      | null
t17       | int                 | temp      |                                         | 4         | -104      | null
t18       | char*               | temp      | "\n"                                    | 4         | -108      | null
t19       | int                 | temp      |                                         | 4         | -112      | null
t20       | int                 | temp      | 0                                       | 4         | -116      | null
~~~~~~~~~~~~~~~~~~~~~~~~~~~~~~~~~~~~~~~~~~~~~~~~~~~~~~~~~~~~~~~~~~~~~~~~~~~~~~~~~~~~~~~~~~~~~~~~~~~~~~~~~~~~~~~~~~~~~~~~~~~~~

