++++++++++++++++++++++++++++++++
|        Parser results        |
++++++++++++++++++++++++++++++++
=>  NO ERRORS!Successfully Parsed!  

++++++++++++++++++++++++++++++++
|      TAC code Generation     |
++++++++++++++++++++++++++++++++

inc: 

	   1:	param t00
	   2:	t01 = call printStr, 1
	   3:	t02 = 5
	   4:	t03 = b + t02
	   5:	t04 = t03 + a
	   6:	b = t04
	   7:	param t06
	   8:	t07 = call printStr, 1
	   9:	param b
	  10:	t08 = call printInt, 1
	  11:	return b

main: 

	  13:	t00 = 10
	  14:	j = t00
	  15:	t01 = 1
	  16:	i = t01
	  17:	param t03
	  18:	t04 = call printStr, 1
	  19:	param i
	  20:	param j
	  21:	t05 = call inc, 2
	  22:	j = t05
	  23:	param t07
	  24:	t08 = call printStr, 1
	  25:	param j
	  26:	t09 = call printInt, 1
	  27:	param t10
	  28:	t11 = call printStr, 1
	  29:	t12 = 0
	  30:	return t12
++++++++++++++++++++++++++++++++++++++++++++++++++++++++++++++++++++++++++++++++++++++++++++++++++++++++++++++++++++++++


++++++++++++++++++++++++++++++++++++++++
|  Symbol Tables Used for the Program  |
++++++++++++++++++++++++++++++++++++++++

+++++++++++++++++++++++++++++++++++++++++++++++++++++++++++++++++++++++++++++++++++++++++++++++++++++++++++++++++++++++++++++
ST . Global()                                                                                              Parent: null
~~~~~~~~~~~~~~~~~~~~~~~~~~~~~~~~~~~~~~~~~~~~~~~~~~~~~~~~~~~~~~~~~~~~~~~~~~~~~~~~~~~~~~~~~~~~~~~~~~~~~~~~~~~~~~~~~~~~~~~~~~~~~
NAME      | TYPE                | CATEGORY  | INITIAL VALUE                           | SIZE      | OFFSET    | NESTED TABLE
~~~~~~~~~~~~~~~~~~~~~~~~~~~~~~~~~~~~~~~~~~~~~~~~~~~~~~~~~~~~~~~~~~~~~~~~~~~~~~~~~~~~~~~~~~~~~~~~~~~~~~~~~~~~~~~~~~~~~~~~~~~~~
printStr  | int                 | function  |                                         | 0         | 0         | printStr
printInt  | int                 | function  |                                         | 0         | 0         | printInt
inc       | int                 | function  |                                         | 0         | 0         | inc
main      | int                 | function  |                                         | 0         | 0         | main
~~~~~~~~~~~~~~~~~~~~~~~~~~~~~~~~~~~~~~~~~~~~~~~~~~~~~~~~~~~~~~~~~~~~~~~~~~~~~~~~~~~~~~~~~~~~~~~~~~~~~~~~~~~~~~~~~~~~~~~~~~~~~

+++++++++++++++++++++++++++++++++++++++++++++++++++++++++++++++++++++++++++++++++++++++++++++++++++++++++++++++++++++++++++++
ST . printStr()                                                                                            Parent: Global
~~~~~~~~~~~~~~~~~~~~~~~~~~~~~~~~~~~~~~~~~~~~~~~~~~~~~~~~~~~~~~~~~~~~~~~~~~~~~~~~~~~~~~~~~~~~~~~~~~~~~~~~~~~~~~~~~~~~~~~~~~~~~
NAME      | TYPE                | CATEGORY  | INITIAL VALUE                           | SIZE      | OFFSET    | NESTED TABLE
~~~~~~~~~~~~~~~~~~~~~~~~~~~~~~~~~~~~~~~~~~~~~~~~~~~~~~~~~~~~~~~~~~~~~~~~~~~~~~~~~~~~~~~~~~~~~~~~~~~~~~~~~~~~~~~~~~~~~~~~~~~~~
c         | char*               | param     |                                         | 4         | 4         | null
return    | int                 | local     |                                         | 4         | 0         | null
~~~~~~~~~~~~~~~~~~~~~~~~~~~~~~~~~~~~~~~~~~~~~~~~~~~~~~~~~~~~~~~~~~~~~~~~~~~~~~~~~~~~~~~~~~~~~~~~~~~~~~~~~~~~~~~~~~~~~~~~~~~~~

+++++++++++++++++++++++++++++++++++++++++++++++++++++++++++++++++++++++++++++++++++++++++++++++++++++++++++++++++++++++++++++
ST . printInt()                                                                                            Parent: Global
~~~~~~~~~~~~~~~~~~~~~~~~~~~~~~~~~~~~~~~~~~~~~~~~~~~~~~~~~~~~~~~~~~~~~~~~~~~~~~~~~~~~~~~~~~~~~~~~~~~~~~~~~~~~~~~~~~~~~~~~~~~~~
NAME      | TYPE                | CATEGORY  | INITIAL VALUE                           | SIZE      | OFFSET    | NESTED TABLE
~~~~~~~~~~~~~~~~~~~~~~~~~~~~~~~~~~~~~~~~~~~~~~~~~~~~~~~~~~~~~~~~~~~~~~~~~~~~~~~~~~~~~~~~~~~~~~~~~~~~~~~~~~~~~~~~~~~~~~~~~~~~~
i         | int                 | param     |                                         | 4         | 4         | null
return    | int                 | local     |                                         | 4         | 0         | null
~~~~~~~~~~~~~~~~~~~~~~~~~~~~~~~~~~~~~~~~~~~~~~~~~~~~~~~~~~~~~~~~~~~~~~~~~~~~~~~~~~~~~~~~~~~~~~~~~~~~~~~~~~~~~~~~~~~~~~~~~~~~~

+++++++++++++++++++++++++++++++++++++++++++++++++++++++++++++++++++++++++++++++++++++++++++++++++++++++++++++++++++++++++++++
ST . inc()                                                                                                 Parent: Global
~~~~~~~~~~~~~~~~~~~~~~~~~~~~~~~~~~~~~~~~~~~~~~~~~~~~~~~~~~~~~~~~~~~~~~~~~~~~~~~~~~~~~~~~~~~~~~~~~~~~~~~~~~~~~~~~~~~~~~~~~~~~~
NAME      | TYPE                | CATEGORY  | INITIAL VALUE                           | SIZE      | OFFSET    | NESTED TABLE
~~~~~~~~~~~~~~~~~~~~~~~~~~~~~~~~~~~~~~~~~~~~~~~~~~~~~~~~~~~~~~~~~~~~~~~~~~~~~~~~~~~~~~~~~~~~~~~~~~~~~~~~~~~~~~~~~~~~~~~~~~~~~
a         | int                 | param     |                                         | 4         | 4         | null
b         | int                 | param     |                                         | 4         | 8         | null
return    | int                 | local     |                                         | 4         | 0         | null
printStr  | int                 | local     |                                         | 4         | -4        | null
t00       | char*               | temp      | "\n+++ Entered the function.....\n"     | 4         | -8        | null
t01       | int                 | temp      |                                         | 4         | -12       | null
t02       | int                 | temp      | 5                                       | 4         | -16       | null
t03       | int                 | temp      |                                         | 4         | -20       | null
t04       | int                 | temp      |                                         | 4         | -24       | null
t05       | int                 | temp      |                                         | 4         | -28       | null
t06       | char*               | temp      | "+++ Value to be returned is : "        | 4         | -32       | null
t07       | int                 | temp      |                                         | 4         | -36       | null
printInt  | int                 | local     |                                         | 4         | -40       | null
t08       | int                 | temp      |                                         | 4         | -44       | null
~~~~~~~~~~~~~~~~~~~~~~~~~~~~~~~~~~~~~~~~~~~~~~~~~~~~~~~~~~~~~~~~~~~~~~~~~~~~~~~~~~~~~~~~~~~~~~~~~~~~~~~~~~~~~~~~~~~~~~~~~~~~~

+++++++++++++++++++++++++++++++++++++++++++++++++++++++++++++++++++++++++++++++++++++++++++++++++++++++++++++++++++++++++++++
ST . main()                                                                                                Parent: Global
~~~~~~~~~~~~~~~~~~~~~~~~~~~~~~~~~~~~~~~~~~~~~~~~~~~~~~~~~~~~~~~~~~~~~~~~~~~~~~~~~~~~~~~~~~~~~~~~~~~~~~~~~~~~~~~~~~~~~~~~~~~~~
NAME      | TYPE                | CATEGORY  | INITIAL VALUE                           | SIZE      | OFFSET    | NESTED TABLE
~~~~~~~~~~~~~~~~~~~~~~~~~~~~~~~~~~~~~~~~~~~~~~~~~~~~~~~~~~~~~~~~~~~~~~~~~~~~~~~~~~~~~~~~~~~~~~~~~~~~~~~~~~~~~~~~~~~~~~~~~~~~~
return    | int                 | local     |                                         | 4         | 0         | null
i         | int                 | local     |                                         | 4         | -4        | null
j         | int                 | local     | 10                                      | 4         | -8        | null
t00       | int                 | temp      | 10                                      | 4         | -12       | null
t01       | int                 | temp      | 1                                       | 4         | -16       | null
t02       | int                 | temp      |                                         | 4         | -20       | null
printStr  | int                 | local     |                                         | 4         | -24       | null
t03       | char*               | temp      | "++++ Entering the function inc....\n"  | 4         | -28       | null
t04       | int                 | temp      |                                         | 4         | -32       | null
inc       | int                 | local     |                                         | 4         | -36       | null
t05       | int                 | temp      |                                         | 4         | -40       | null
t06       | int                 | temp      |                                         | 4         | -44       | null
t07       | char*               | temp      | "\n+++ The value returned from the function is "| 4         | -48       | null
t08       | int                 | temp      |                                         | 4         | -52       | null
printInt  | int                 | local     |                                         | 4         | -56       | null
t09       | int                 | temp      |                                         | 4         | -60       | null
t10       | char*               | temp      | "\n"                                    | 4         | -64       | null
t11       | int                 | temp      |                                         | 4         | -68       | null
t12       | int                 | temp      | 0                                       | 4         | -72       | null
~~~~~~~~~~~~~~~~~~~~~~~~~~~~~~~~~~~~~~~~~~~~~~~~~~~~~~~~~~~~~~~~~~~~~~~~~~~~~~~~~~~~~~~~~~~~~~~~~~~~~~~~~~~~~~~~~~~~~~~~~~~~~

