++++++++++++++++++++++++++++++++
|        Parser results        |
++++++++++++++++++++++++++++++++
=>  NO ERRORS!Successfully Parsed!  

++++++++++++++++++++++++++++++++
|      TAC code Generation     |
++++++++++++++++++++++++++++++++

fib_iter: 

	   1:	t00 = 1
	   2:	f = t00
	   3:	t01 = 0
	   4:	f_1 = t01
	   5:	t02 = 1
	   6:	i = t02
	   7:	if i < a goto 9
	   8:	goto 17
	   9:	temp = f
	  10:	t04 = f + f_1
	  11:	f = t04
	  12:	f_1 = temp
	  13:	t07 = 1
	  14:	t08 = i + t07
	  15:	i = t08
	  16:	goto 7
	  17:	param t10
	  18:	t11 = call printStr, 1
	  19:	param f
	  20:	t12 = call printInt, 1
	  21:	return f

main: 

	  23:	param t00
	  24:	t01 = call printStr, 1
	  25:	param t02
	  26:	t03 = call printStr, 1
	  27:	t04 = &ep
	  28:	param t04
	  29:	t05 = call readInt, 1
	  30:	i = t05
	  31:	param t07
	  32:	t08 = call printStr, 1
	  33:	param i
	  34:	t09 = call fib_iter, 1
	  35:	j = t09
	  36:	param t11
	  37:	t12 = call printStr, 1
	  38:	return 
++++++++++++++++++++++++++++++++++++++++++++++++++++++++++++++++++++++++++++++++++++++++++++++++++++++++++++++++++++++++


++++++++++++++++++++++++++++++++++++++++
|  Symbol Tables Used for the Program  |
++++++++++++++++++++++++++++++++++++++++

+++++++++++++++++++++++++++++++++++++++++++++++++++++++++++++++++++++++++++++++++++++++++++++++++++++++++++++++++++++++++++++
ST . Global()                                                                                              Parent: null
~~~~~~~~~~~~~~~~~~~~~~~~~~~~~~~~~~~~~~~~~~~~~~~~~~~~~~~~~~~~~~~~~~~~~~~~~~~~~~~~~~~~~~~~~~~~~~~~~~~~~~~~~~~~~~~~~~~~~~~~~~~~~
NAME      | TYPE                | CATEGORY  | INITIAL VALUE                           | SIZE      | OFFSET    | NESTED TABLE
~~~~~~~~~~~~~~~~~~~~~~~~~~~~~~~~~~~~~~~~~~~~~~~~~~~~~~~~~~~~~~~~~~~~~~~~~~~~~~~~~~~~~~~~~~~~~~~~~~~~~~~~~~~~~~~~~~~~~~~~~~~~~
printStr  | int                 | function  |                                         | 0         | 0         | printStr
printInt  | int                 | function  |                                         | 0         | 0         | printInt
readInt   | int                 | function  |                                         | 0         | 0         | readInt
fib_iter  | int                 | function  |                                         | 0         | 0         | fib_iter
main      | int                 | function  |                                         | 0         | 0         | main
~~~~~~~~~~~~~~~~~~~~~~~~~~~~~~~~~~~~~~~~~~~~~~~~~~~~~~~~~~~~~~~~~~~~~~~~~~~~~~~~~~~~~~~~~~~~~~~~~~~~~~~~~~~~~~~~~~~~~~~~~~~~~

+++++++++++++++++++++++++++++++++++++++++++++++++++++++++++++++++++++++++++++++++++++++++++++++++++++++++++++++++++++++++++++
ST . printStr()                                                                                            Parent: Global
~~~~~~~~~~~~~~~~~~~~~~~~~~~~~~~~~~~~~~~~~~~~~~~~~~~~~~~~~~~~~~~~~~~~~~~~~~~~~~~~~~~~~~~~~~~~~~~~~~~~~~~~~~~~~~~~~~~~~~~~~~~~~
NAME      | TYPE                | CATEGORY  | INITIAL VALUE                           | SIZE      | OFFSET    | NESTED TABLE
~~~~~~~~~~~~~~~~~~~~~~~~~~~~~~~~~~~~~~~~~~~~~~~~~~~~~~~~~~~~~~~~~~~~~~~~~~~~~~~~~~~~~~~~~~~~~~~~~~~~~~~~~~~~~~~~~~~~~~~~~~~~~
c         | char*               | param     |                                         | 4         | 4         | null
return    | int                 | local     |                                         | 4         | 0         | null
~~~~~~~~~~~~~~~~~~~~~~~~~~~~~~~~~~~~~~~~~~~~~~~~~~~~~~~~~~~~~~~~~~~~~~~~~~~~~~~~~~~~~~~~~~~~~~~~~~~~~~~~~~~~~~~~~~~~~~~~~~~~~

+++++++++++++++++++++++++++++++++++++++++++++++++++++++++++++++++++++++++++++++++++++++++++++++++++++++++++++++++++++++++++++
ST . printInt()                                                                                            Parent: Global
~~~~~~~~~~~~~~~~~~~~~~~~~~~~~~~~~~~~~~~~~~~~~~~~~~~~~~~~~~~~~~~~~~~~~~~~~~~~~~~~~~~~~~~~~~~~~~~~~~~~~~~~~~~~~~~~~~~~~~~~~~~~~
NAME      | TYPE                | CATEGORY  | INITIAL VALUE                           | SIZE      | OFFSET    | NESTED TABLE
~~~~~~~~~~~~~~~~~~~~~~~~~~~~~~~~~~~~~~~~~~~~~~~~~~~~~~~~~~~~~~~~~~~~~~~~~~~~~~~~~~~~~~~~~~~~~~~~~~~~~~~~~~~~~~~~~~~~~~~~~~~~~
i         | int                 | param     |                                         | 4         | 4         | null
return    | int                 | local     |                                         | 4         | 0         | null
~~~~~~~~~~~~~~~~~~~~~~~~~~~~~~~~~~~~~~~~~~~~~~~~~~~~~~~~~~~~~~~~~~~~~~~~~~~~~~~~~~~~~~~~~~~~~~~~~~~~~~~~~~~~~~~~~~~~~~~~~~~~~

+++++++++++++++++++++++++++++++++++++++++++++++++++++++++++++++++++++++++++++++++++++++++++++++++++++++++++++++++++++++++++++
ST . readInt()                                                                                             Parent: Global
~~~~~~~~~~~~~~~~~~~~~~~~~~~~~~~~~~~~~~~~~~~~~~~~~~~~~~~~~~~~~~~~~~~~~~~~~~~~~~~~~~~~~~~~~~~~~~~~~~~~~~~~~~~~~~~~~~~~~~~~~~~~~
NAME      | TYPE                | CATEGORY  | INITIAL VALUE                           | SIZE      | OFFSET    | NESTED TABLE
~~~~~~~~~~~~~~~~~~~~~~~~~~~~~~~~~~~~~~~~~~~~~~~~~~~~~~~~~~~~~~~~~~~~~~~~~~~~~~~~~~~~~~~~~~~~~~~~~~~~~~~~~~~~~~~~~~~~~~~~~~~~~
eP        | int*                | param     |                                         | 4         | 4         | null
return    | int                 | local     |                                         | 4         | 0         | null
~~~~~~~~~~~~~~~~~~~~~~~~~~~~~~~~~~~~~~~~~~~~~~~~~~~~~~~~~~~~~~~~~~~~~~~~~~~~~~~~~~~~~~~~~~~~~~~~~~~~~~~~~~~~~~~~~~~~~~~~~~~~~

+++++++++++++++++++++++++++++++++++++++++++++++++++++++++++++++++++++++++++++++++++++++++++++++++++++++++++++++++++++++++++++
ST . fib_iter()                                                                                            Parent: Global
~~~~~~~~~~~~~~~~~~~~~~~~~~~~~~~~~~~~~~~~~~~~~~~~~~~~~~~~~~~~~~~~~~~~~~~~~~~~~~~~~~~~~~~~~~~~~~~~~~~~~~~~~~~~~~~~~~~~~~~~~~~~~
NAME      | TYPE                | CATEGORY  | INITIAL VALUE                           | SIZE      | OFFSET    | NESTED TABLE
~~~~~~~~~~~~~~~~~~~~~~~~~~~~~~~~~~~~~~~~~~~~~~~~~~~~~~~~~~~~~~~~~~~~~~~~~~~~~~~~~~~~~~~~~~~~~~~~~~~~~~~~~~~~~~~~~~~~~~~~~~~~~
a         | int                 | param     |                                         | 4         | 4         | null
return    | int                 | local     |                                         | 4         | 0         | null
f         | int                 | local     | 1                                       | 4         | -4        | null
t00       | int                 | temp      | 1                                       | 4         | -8        | null
f_1       | int                 | local     | 0                                       | 4         | -12       | null
t01       | int                 | temp      | 0                                       | 4         | -16       | null
i         | int                 | local     | 1                                       | 4         | -20       | null
t02       | int                 | temp      | 1                                       | 4         | -24       | null
temp      | int                 | local     |                                         | 4         | -28       | null
t03       | int                 | temp      |                                         | 4         | -32       | null
t04       | int                 | temp      |                                         | 4         | -36       | null
t05       | int                 | temp      |                                         | 4         | -40       | null
t06       | int                 | temp      |                                         | 4         | -44       | null
t07       | int                 | temp      | 1                                       | 4         | -48       | null
t08       | int                 | temp      |                                         | 4         | -52       | null
t09       | int                 | temp      |                                         | 4         | -56       | null
printStr  | int                 | local     |                                         | 4         | -60       | null
t10       | char*               | temp      | "\nThe fibonacci number is : "          | 4         | -64       | null
t11       | int                 | temp      |                                         | 4         | -68       | null
printInt  | int                 | local     |                                         | 4         | -72       | null
t12       | int                 | temp      |                                         | 4         | -76       | null
~~~~~~~~~~~~~~~~~~~~~~~~~~~~~~~~~~~~~~~~~~~~~~~~~~~~~~~~~~~~~~~~~~~~~~~~~~~~~~~~~~~~~~~~~~~~~~~~~~~~~~~~~~~~~~~~~~~~~~~~~~~~~

+++++++++++++++++++++++++++++++++++++++++++++++++++++++++++++++++++++++++++++++++++++++++++++++++++++++++++++++++++++++++++++
ST . main()                                                                                                Parent: Global
~~~~~~~~~~~~~~~~~~~~~~~~~~~~~~~~~~~~~~~~~~~~~~~~~~~~~~~~~~~~~~~~~~~~~~~~~~~~~~~~~~~~~~~~~~~~~~~~~~~~~~~~~~~~~~~~~~~~~~~~~~~~~
NAME      | TYPE                | CATEGORY  | INITIAL VALUE                           | SIZE      | OFFSET    | NESTED TABLE
~~~~~~~~~~~~~~~~~~~~~~~~~~~~~~~~~~~~~~~~~~~~~~~~~~~~~~~~~~~~~~~~~~~~~~~~~~~~~~~~~~~~~~~~~~~~~~~~~~~~~~~~~~~~~~~~~~~~~~~~~~~~~
return    | int                 | local     |                                         | 4         | 0         | null
printStr  | int                 | local     |                                         | 4         | -4        | null
t00       | char*               | temp      | "\nProgram to evaluate iterative fib..."| 4         | -8        | null
t01       | int                 | temp      |                                         | 4         | -12       | null
t02       | char*               | temp      | "\n+++++ Enter a number : "             | 4         | -16       | null
t03       | int                 | temp      |                                         | 4         | -20       | null
i         | int                 | local     |                                         | 4         | -24       | null
ep        | int                 | local     |                                         | 4         | -28       | null
readInt   | int                 | local     |                                         | 4         | -32       | null
t04       | int*                | temp      |                                         | 4         | -36       | null
t05       | int                 | temp      |                                         | 4         | -40       | null
t06       | int                 | temp      |                                         | 4         | -44       | null
t07       | char*               | temp      | "\n++++ Calling Iterative Fib Function +++++"| 4         | -48       | null
t08       | int                 | temp      |                                         | 4         | -52       | null
j         | int                 | local     |                                         | 4         | -56       | null
fib_iter  | int                 | local     |                                         | 4         | -60       | null
t09       | int                 | temp      |                                         | 4         | -64       | null
t10       | int                 | temp      |                                         | 4         | -68       | null
t11       | char*               | temp      | "\n++++ Returned from Recursive Fib function ++++\n"| 4         | -72       | null
t12       | int                 | temp      |                                         | 4         | -76       | null
~~~~~~~~~~~~~~~~~~~~~~~~~~~~~~~~~~~~~~~~~~~~~~~~~~~~~~~~~~~~~~~~~~~~~~~~~~~~~~~~~~~~~~~~~~~~~~~~~~~~~~~~~~~~~~~~~~~~~~~~~~~~~

