++++++++++++++++++++++++++++++++
|        Parser results        |
++++++++++++++++++++++++++++++++
=>  NO ERRORS!Successfully Parsed!  

++++++++++++++++++++++++++++++++
|      TAC code Generation     |
++++++++++++++++++++++++++++++++

incr_by_2: 

	   1:	b = a
	   2:	t01 = 6
	   3:	t02 = b + t01
	   4:	b = t02
	   5:	param t04
	   6:	t05 = call printStr, 1
	   7:	param b
	   8:	t06 = call printInt, 1
	   9:	return b

main: 

	  11:	t00 = 12
	  12:	t01 = 8
	  13:	param t02
	  14:	t03 = call printStr, 1
	  15:	t04 = 21
	  16:	b = t04
	  17:	t06 = &b
	  18:	acc = t06
	  19:	param t08
	  20:	t09 = call printStr, 1
	  21:	param b
	  22:	t10 = call printInt, 1
	  23:	param b
	  24:	t11 = call incr_by_2, 1
	  25:	b = t11
	  26:	param t13
	  27:	t14 = call printStr, 1
	  28:	param b
	  29:	t15 = call printInt, 1
	  30:	param t16
	  31:	t17 = call printStr, 1
	  32:	param acc
	  33:	t18 = call readInt, 1
	  34:	b = t18
	  35:	param t20
	  36:	t21 = call printStr, 1
	  37:	param b
	  38:	t22 = call printInt, 1
	  39:	param t23
	  40:	t24 = call printStr, 1
	  41:	t25 = 0
	  42:	return t25
++++++++++++++++++++++++++++++++++++++++++++++++++++++++++++++++++++++++++++++++++++++++++++++++++++++++++++++++++++++++


++++++++++++++++++++++++++++++++++++++++
|  Symbol Tables Used for the Program  |
++++++++++++++++++++++++++++++++++++++++

+++++++++++++++++++++++++++++++++++++++++++++++++++++++++++++++++++++++++++++++++++++++++++++++++++++++++++++++++++++++++++++
ST . Global()                                                                                              Parent: null
~~~~~~~~~~~~~~~~~~~~~~~~~~~~~~~~~~~~~~~~~~~~~~~~~~~~~~~~~~~~~~~~~~~~~~~~~~~~~~~~~~~~~~~~~~~~~~~~~~~~~~~~~~~~~~~~~~~~~~~~~~~~~
NAME      | TYPE                | CATEGORY  | INITIAL VALUE                           | SIZE      | OFFSET    | NESTED TABLE
~~~~~~~~~~~~~~~~~~~~~~~~~~~~~~~~~~~~~~~~~~~~~~~~~~~~~~~~~~~~~~~~~~~~~~~~~~~~~~~~~~~~~~~~~~~~~~~~~~~~~~~~~~~~~~~~~~~~~~~~~~~~~
printInt  | int                 | function  |                                         | 0         | 0         | printInt
printStr  | int                 | function  |                                         | 0         | 0         | printStr
readInt   | int                 | function  |                                         | 0         | 0         | readInt
incr_by_2 | int                 | function  |                                         | 0         | 0         | incr_by_2
main      | int                 | function  |                                         | 0         | 0         | main
~~~~~~~~~~~~~~~~~~~~~~~~~~~~~~~~~~~~~~~~~~~~~~~~~~~~~~~~~~~~~~~~~~~~~~~~~~~~~~~~~~~~~~~~~~~~~~~~~~~~~~~~~~~~~~~~~~~~~~~~~~~~~

+++++++++++++++++++++++++++++++++++++++++++++++++++++++++++++++++++++++++++++++++++++++++++++++++++++++++++++++++++++++++++++
ST . printInt()                                                                                            Parent: Global
~~~~~~~~~~~~~~~~~~~~~~~~~~~~~~~~~~~~~~~~~~~~~~~~~~~~~~~~~~~~~~~~~~~~~~~~~~~~~~~~~~~~~~~~~~~~~~~~~~~~~~~~~~~~~~~~~~~~~~~~~~~~~
NAME      | TYPE                | CATEGORY  | INITIAL VALUE                           | SIZE      | OFFSET    | NESTED TABLE
~~~~~~~~~~~~~~~~~~~~~~~~~~~~~~~~~~~~~~~~~~~~~~~~~~~~~~~~~~~~~~~~~~~~~~~~~~~~~~~~~~~~~~~~~~~~~~~~~~~~~~~~~~~~~~~~~~~~~~~~~~~~~
n         | int                 | param     |                                         | 4         | 4         | null
return    | int                 | local     |                                         | 4         | 0         | null
~~~~~~~~~~~~~~~~~~~~~~~~~~~~~~~~~~~~~~~~~~~~~~~~~~~~~~~~~~~~~~~~~~~~~~~~~~~~~~~~~~~~~~~~~~~~~~~~~~~~~~~~~~~~~~~~~~~~~~~~~~~~~

+++++++++++++++++++++++++++++++++++++++++++++++++++++++++++++++++++++++++++++++++++++++++++++++++++++++++++++++++++++++++++++
ST . printStr()                                                                                            Parent: Global
~~~~~~~~~~~~~~~~~~~~~~~~~~~~~~~~~~~~~~~~~~~~~~~~~~~~~~~~~~~~~~~~~~~~~~~~~~~~~~~~~~~~~~~~~~~~~~~~~~~~~~~~~~~~~~~~~~~~~~~~~~~~~
NAME      | TYPE                | CATEGORY  | INITIAL VALUE                           | SIZE      | OFFSET    | NESTED TABLE
~~~~~~~~~~~~~~~~~~~~~~~~~~~~~~~~~~~~~~~~~~~~~~~~~~~~~~~~~~~~~~~~~~~~~~~~~~~~~~~~~~~~~~~~~~~~~~~~~~~~~~~~~~~~~~~~~~~~~~~~~~~~~
c         | char*               | param     |                                         | 4         | 4         | null
return    | int                 | local     |                                         | 4         | 0         | null
~~~~~~~~~~~~~~~~~~~~~~~~~~~~~~~~~~~~~~~~~~~~~~~~~~~~~~~~~~~~~~~~~~~~~~~~~~~~~~~~~~~~~~~~~~~~~~~~~~~~~~~~~~~~~~~~~~~~~~~~~~~~~

+++++++++++++++++++++++++++++++++++++++++++++++++++++++++++++++++++++++++++++++++++++++++++++++++++++++++++++++++++++++++++++
ST . readInt()                                                                                             Parent: Global
~~~~~~~~~~~~~~~~~~~~~~~~~~~~~~~~~~~~~~~~~~~~~~~~~~~~~~~~~~~~~~~~~~~~~~~~~~~~~~~~~~~~~~~~~~~~~~~~~~~~~~~~~~~~~~~~~~~~~~~~~~~~~
NAME      | TYPE                | CATEGORY  | INITIAL VALUE                           | SIZE      | OFFSET    | NESTED TABLE
~~~~~~~~~~~~~~~~~~~~~~~~~~~~~~~~~~~~~~~~~~~~~~~~~~~~~~~~~~~~~~~~~~~~~~~~~~~~~~~~~~~~~~~~~~~~~~~~~~~~~~~~~~~~~~~~~~~~~~~~~~~~~
eP        | int*                | param     |                                         | 4         | 4         | null
return    | int                 | local     |                                         | 4         | 0         | null
~~~~~~~~~~~~~~~~~~~~~~~~~~~~~~~~~~~~~~~~~~~~~~~~~~~~~~~~~~~~~~~~~~~~~~~~~~~~~~~~~~~~~~~~~~~~~~~~~~~~~~~~~~~~~~~~~~~~~~~~~~~~~

+++++++++++++++++++++++++++++++++++++++++++++++++++++++++++++++++++++++++++++++++++++++++++++++++++++++++++++++++++++++++++++
ST . incr_by_2()                                                                                           Parent: Global
~~~~~~~~~~~~~~~~~~~~~~~~~~~~~~~~~~~~~~~~~~~~~~~~~~~~~~~~~~~~~~~~~~~~~~~~~~~~~~~~~~~~~~~~~~~~~~~~~~~~~~~~~~~~~~~~~~~~~~~~~~~~~
NAME      | TYPE                | CATEGORY  | INITIAL VALUE                           | SIZE      | OFFSET    | NESTED TABLE
~~~~~~~~~~~~~~~~~~~~~~~~~~~~~~~~~~~~~~~~~~~~~~~~~~~~~~~~~~~~~~~~~~~~~~~~~~~~~~~~~~~~~~~~~~~~~~~~~~~~~~~~~~~~~~~~~~~~~~~~~~~~~
a         | int                 | param     |                                         | 4         | 4         | null
return    | int                 | local     |                                         | 4         | 0         | null
b         | int                 | local     |                                         | 4         | -4        | null
t00       | int                 | temp      |                                         | 4         | -8        | null
t01       | int                 | temp      | 6                                       | 4         | -12       | null
t02       | int                 | temp      |                                         | 4         | -16       | null
t03       | int                 | temp      |                                         | 4         | -20       | null
printStr  | int                 | local     |                                         | 4         | -24       | null
t04       | char*               | temp      | "\n++++ Inside incr_by_2 function +++"  | 4         | -28       | null
t05       | int                 | temp      |                                         | 4         | -32       | null
printInt  | int                 | local     |                                         | 4         | -36       | null
t06       | int                 | temp      |                                         | 4         | -40       | null
~~~~~~~~~~~~~~~~~~~~~~~~~~~~~~~~~~~~~~~~~~~~~~~~~~~~~~~~~~~~~~~~~~~~~~~~~~~~~~~~~~~~~~~~~~~~~~~~~~~~~~~~~~~~~~~~~~~~~~~~~~~~~

+++++++++++++++++++++++++++++++++++++++++++++++++++++++++++++++++++++++++++++++++++++++++++++++++++++++++++++++++++++++++++++
ST . main()                                                                                                Parent: Global
~~~~~~~~~~~~~~~~~~~~~~~~~~~~~~~~~~~~~~~~~~~~~~~~~~~~~~~~~~~~~~~~~~~~~~~~~~~~~~~~~~~~~~~~~~~~~~~~~~~~~~~~~~~~~~~~~~~~~~~~~~~~~
NAME      | TYPE                | CATEGORY  | INITIAL VALUE                           | SIZE      | OFFSET    | NESTED TABLE
~~~~~~~~~~~~~~~~~~~~~~~~~~~~~~~~~~~~~~~~~~~~~~~~~~~~~~~~~~~~~~~~~~~~~~~~~~~~~~~~~~~~~~~~~~~~~~~~~~~~~~~~~~~~~~~~~~~~~~~~~~~~~
return    | int                 | local     |                                         | 4         | 0         | null
a         | arr(12, arr(8, int))| local     |                                         | 384       | -4        | null
t00       | int                 | temp      | 12                                      | 4         | -388      | null
t01       | int                 | temp      | 8                                       | 4         | -392      | null
b         | int                 | local     |                                         | 4         | -396      | null
acc       | int*                | local     |                                         | 4         | -400      | null
printStr  | int                 | local     |                                         | 4         | -404      | null
t02       | char*               | temp      | "\n++++ Checking printStr +++"          | 4         | -408      | null
t03       | int                 | temp      |                                         | 4         | -412      | null
t04       | int                 | temp      | 21                                      | 4         | -416      | null
t05       | int                 | temp      |                                         | 4         | -420      | null
t06       | int*                | temp      |                                         | 4         | -424      | null
t08       | char*               | temp      | "\nThe Number passed to function = "    | 4         | -432      | null
t09       | int                 | temp      |                                         | 4         | -436      | null
printInt  | int                 | local     |                                         | 4         | -440      | null
t10       | int                 | temp      |                                         | 4         | -444      | null
incr_by_2 | int                 | local     |                                         | 4         | -448      | null
t11       | int                 | temp      |                                         | 4         | -452      | null
t12       | int                 | temp      |                                         | 4         | -456      | null
t13       | char*               | temp      | "\nThe number returned from the function = "| 4         | -460      | null
t14       | int                 | temp      |                                         | 4         | -464      | null
t15       | int                 | temp      |                                         | 4         | -468      | null
t16       | char*               | temp      | "\n++++ Checking ReadInt, Enter a number: \t"| 4         | -472      | null
t17       | int                 | temp      |                                         | 4         | -476      | null
readInt   | int                 | local     |                                         | 4         | -480      | null
t18       | int                 | temp      |                                         | 4         | -484      | null
t19       | int                 | temp      |                                         | 4         | -488      | null
t20       | char*               | temp      | "The integer read = "                   | 4         | -492      | null
t21       | int                 | temp      |                                         | 4         | -496      | null
t22       | int                 | temp      |                                         | 4         | -500      | null
t23       | char*               | temp      | "\n\n"                                  | 4         | -504      | null
t24       | int                 | temp      |                                         | 4         | -508      | null
t25       | int                 | temp      | 0                                       | 4         | -512      | null
~~~~~~~~~~~~~~~~~~~~~~~~~~~~~~~~~~~~~~~~~~~~~~~~~~~~~~~~~~~~~~~~~~~~~~~~~~~~~~~~~~~~~~~~~~~~~~~~~~~~~~~~~~~~~~~~~~~~~~~~~~~~~

