++++++++++++++++++++++++++++++++
|        Parser results        |
++++++++++++++++++++++++++++++++
=>  NO ERRORS!Successfully Parsed!  

++++++++++++++++++++++++++++++++
|      TAC code Generation     |
++++++++++++++++++++++++++++++++
	   0:	t00 = 1
	   1:	b = t00

add: 

	   3:	t00 = 2
	   4:	c = t00
	   5:	t01 = 10
	   6:	param t02
	   7:	t03 = call printStr, 1
	   8:	t04 = a + b
	   9:	ans = t04
	  10:	t06 = 2
	  11:	d = t06
	  12:	if a >= d goto 16
	  13:	goto 19
	  14:	goto 21
	  15:	t08 = a
	  16:	a = a + 1
	  17:	goto 21
	  18:	t09 = a + b
	  19:	c = t09
	  20:	param t11
	  21:	t12 = call printStr, 1
	  22:	return ans

main: 

	  24:	t00 = 2
	  25:	c = t00
	  26:	t01 = 10
	  27:	param t02
	  28:	t03 = call printStr, 1
	  29:	t04 = &eP
	  30:	param t04
	  31:	t05 = call readInt, 1
	  32:	x = t05
	  33:	t07 = &eP
	  34:	param t07
	  35:	t08 = call readInt, 1
	  36:	y = t08
	  37:	param x
	  38:	param y
	  39:	t10 = call add, 2
	  40:	z = t10
	  41:	param t12
	  42:	t13 = call printStr, 1
	  43:	param z
	  44:	t14 = call printInt, 1
	  45:	param t15
	  46:	t16 = call printStr, 1
	  47:	return c
++++++++++++++++++++++++++++++++++++++++++++++++++++++++++++++++++++++++++++++++++++++++++++++++++++++++++++++++++++++++


++++++++++++++++++++++++++++++++++++++++
|  Symbol Tables Used for the Program  |
++++++++++++++++++++++++++++++++++++++++

+++++++++++++++++++++++++++++++++++++++++++++++++++++++++++++++++++++++++++++++++++++++++++++++++++++++++++++++++++++++++++++
ST . Global()                                                                                              Parent: null
~~~~~~~~~~~~~~~~~~~~~~~~~~~~~~~~~~~~~~~~~~~~~~~~~~~~~~~~~~~~~~~~~~~~~~~~~~~~~~~~~~~~~~~~~~~~~~~~~~~~~~~~~~~~~~~~~~~~~~~~~~~~~
NAME      | TYPE                | CATEGORY  | INITIAL VALUE                           | SIZE      | OFFSET    | NESTED TABLE
~~~~~~~~~~~~~~~~~~~~~~~~~~~~~~~~~~~~~~~~~~~~~~~~~~~~~~~~~~~~~~~~~~~~~~~~~~~~~~~~~~~~~~~~~~~~~~~~~~~~~~~~~~~~~~~~~~~~~~~~~~~~~
printStr  | int                 | function  |                                         | 0         | 0         | printStr
printInt  | int                 | function  |                                         | 0         | 0         | printInt
readInt   | int                 | function  |                                         | 0         | 0         | readInt
a         | int                 | local     |                                         | 4         | 0         | null
b         | int                 | local     | 1                                       | 4         | 4         | null
t00       | int                 | temp      | 1                                       | 4         | 8         | null
ch        | char                | local     |                                         | 1         | 12        | null
add       | int                 | function  |                                         | 0         | 13        | add
main      | int                 | function  |                                         | 0         | 13        | main
~~~~~~~~~~~~~~~~~~~~~~~~~~~~~~~~~~~~~~~~~~~~~~~~~~~~~~~~~~~~~~~~~~~~~~~~~~~~~~~~~~~~~~~~~~~~~~~~~~~~~~~~~~~~~~~~~~~~~~~~~~~~~

+++++++++++++++++++++++++++++++++++++++++++++++++++++++++++++++++++++++++++++++++++++++++++++++++++++++++++++++++++++++++++++
ST . printStr()                                                                                            Parent: Global
~~~~~~~~~~~~~~~~~~~~~~~~~~~~~~~~~~~~~~~~~~~~~~~~~~~~~~~~~~~~~~~~~~~~~~~~~~~~~~~~~~~~~~~~~~~~~~~~~~~~~~~~~~~~~~~~~~~~~~~~~~~~~
NAME      | TYPE                | CATEGORY  | INITIAL VALUE                           | SIZE      | OFFSET    | NESTED TABLE
~~~~~~~~~~~~~~~~~~~~~~~~~~~~~~~~~~~~~~~~~~~~~~~~~~~~~~~~~~~~~~~~~~~~~~~~~~~~~~~~~~~~~~~~~~~~~~~~~~~~~~~~~~~~~~~~~~~~~~~~~~~~~
c         | char*               | param     |                                         | 4         | 4         | null
return    | int                 | local     |                                         | 4         | 0         | null
~~~~~~~~~~~~~~~~~~~~~~~~~~~~~~~~~~~~~~~~~~~~~~~~~~~~~~~~~~~~~~~~~~~~~~~~~~~~~~~~~~~~~~~~~~~~~~~~~~~~~~~~~~~~~~~~~~~~~~~~~~~~~

+++++++++++++++++++++++++++++++++++++++++++++++++++++++++++++++++++++++++++++++++++++++++++++++++++++++++++++++++++++++++++++
ST . printInt()                                                                                            Parent: Global
~~~~~~~~~~~~~~~~~~~~~~~~~~~~~~~~~~~~~~~~~~~~~~~~~~~~~~~~~~~~~~~~~~~~~~~~~~~~~~~~~~~~~~~~~~~~~~~~~~~~~~~~~~~~~~~~~~~~~~~~~~~~~
NAME      | TYPE                | CATEGORY  | INITIAL VALUE                           | SIZE      | OFFSET    | NESTED TABLE
~~~~~~~~~~~~~~~~~~~~~~~~~~~~~~~~~~~~~~~~~~~~~~~~~~~~~~~~~~~~~~~~~~~~~~~~~~~~~~~~~~~~~~~~~~~~~~~~~~~~~~~~~~~~~~~~~~~~~~~~~~~~~
n         | int                 | param     |                                         | 4         | 4         | null
return    | int                 | local     |                                         | 4         | 0         | null
~~~~~~~~~~~~~~~~~~~~~~~~~~~~~~~~~~~~~~~~~~~~~~~~~~~~~~~~~~~~~~~~~~~~~~~~~~~~~~~~~~~~~~~~~~~~~~~~~~~~~~~~~~~~~~~~~~~~~~~~~~~~~

+++++++++++++++++++++++++++++++++++++++++++++++++++++++++++++++++++++++++++++++++++++++++++++++++++++++++++++++++++++++++++++
ST . readInt()                                                                                             Parent: Global
~~~~~~~~~~~~~~~~~~~~~~~~~~~~~~~~~~~~~~~~~~~~~~~~~~~~~~~~~~~~~~~~~~~~~~~~~~~~~~~~~~~~~~~~~~~~~~~~~~~~~~~~~~~~~~~~~~~~~~~~~~~~~
NAME      | TYPE                | CATEGORY  | INITIAL VALUE                           | SIZE      | OFFSET    | NESTED TABLE
~~~~~~~~~~~~~~~~~~~~~~~~~~~~~~~~~~~~~~~~~~~~~~~~~~~~~~~~~~~~~~~~~~~~~~~~~~~~~~~~~~~~~~~~~~~~~~~~~~~~~~~~~~~~~~~~~~~~~~~~~~~~~
eP        | int*                | param     |                                         | 4         | 4         | null
return    | int                 | local     |                                         | 4         | 0         | null
~~~~~~~~~~~~~~~~~~~~~~~~~~~~~~~~~~~~~~~~~~~~~~~~~~~~~~~~~~~~~~~~~~~~~~~~~~~~~~~~~~~~~~~~~~~~~~~~~~~~~~~~~~~~~~~~~~~~~~~~~~~~~

+++++++++++++++++++++++++++++++++++++++++++++++++++++++++++++++++++++++++++++++++++++++++++++++++++++++++++++++++++++++++++++
ST . add()                                                                                                 Parent: Global
~~~~~~~~~~~~~~~~~~~~~~~~~~~~~~~~~~~~~~~~~~~~~~~~~~~~~~~~~~~~~~~~~~~~~~~~~~~~~~~~~~~~~~~~~~~~~~~~~~~~~~~~~~~~~~~~~~~~~~~~~~~~~
NAME      | TYPE                | CATEGORY  | INITIAL VALUE                           | SIZE      | OFFSET    | NESTED TABLE
~~~~~~~~~~~~~~~~~~~~~~~~~~~~~~~~~~~~~~~~~~~~~~~~~~~~~~~~~~~~~~~~~~~~~~~~~~~~~~~~~~~~~~~~~~~~~~~~~~~~~~~~~~~~~~~~~~~~~~~~~~~~~
a         | int                 | param     |                                         | 4         | 4         | null
b         | int                 | param     |                                         | 4         | 8         | null
return    | int                 | local     |                                         | 4         | 0         | null
ans       | int                 | local     |                                         | 4         | -4        | null
c         | int                 | local     | 2                                       | 4         | -8        | null
t00       | int                 | temp      | 2                                       | 4         | -12       | null
d         | int                 | local     |                                         | 4         | -16       | null
arr       | arr(10, int)        | local     |                                         | 40        | -20       | null
t01       | int                 | temp      | 10                                      | 4         | -60       | null
p         | int*                | local     |                                         | 4         | -64       | null
printStr  | int                 | local     |                                         | 4         | -68       | null
t02       | char*               | temp      | "++++ Entered into function....\n"      | 4         | -72       | null
t03       | int                 | temp      |                                         | 4         | -76       | null
t04       | int                 | temp      |                                         | 4         | -80       | null
t05       | int                 | temp      |                                         | 4         | -84       | null
t06       | int                 | temp      | 2                                       | 4         | -88       | null
t07       | int                 | temp      |                                         | 4         | -92       | null
t08       | int                 | temp      |                                         | 4         | -96       | null
t09       | int                 | temp      |                                         | 4         | -100      | null
t10       | int                 | temp      |                                         | 4         | -104      | null
t11       | char*               | temp      | "++++ Returning from function....\n"    | 4         | -108      | null
t12       | int                 | temp      |                                         | 4         | -112      | null
~~~~~~~~~~~~~~~~~~~~~~~~~~~~~~~~~~~~~~~~~~~~~~~~~~~~~~~~~~~~~~~~~~~~~~~~~~~~~~~~~~~~~~~~~~~~~~~~~~~~~~~~~~~~~~~~~~~~~~~~~~~~~

+++++++++++++++++++++++++++++++++++++++++++++++++++++++++++++++++++++++++++++++++++++++++++++++++++++++++++++++++++++++++++++
ST . main()                                                                                                Parent: Global
~~~~~~~~~~~~~~~~~~~~~~~~~~~~~~~~~~~~~~~~~~~~~~~~~~~~~~~~~~~~~~~~~~~~~~~~~~~~~~~~~~~~~~~~~~~~~~~~~~~~~~~~~~~~~~~~~~~~~~~~~~~~~
NAME      | TYPE                | CATEGORY  | INITIAL VALUE                           | SIZE      | OFFSET    | NESTED TABLE
~~~~~~~~~~~~~~~~~~~~~~~~~~~~~~~~~~~~~~~~~~~~~~~~~~~~~~~~~~~~~~~~~~~~~~~~~~~~~~~~~~~~~~~~~~~~~~~~~~~~~~~~~~~~~~~~~~~~~~~~~~~~~
return    | int                 | local     |                                         | 4         | 0         | null
c         | int                 | local     | 2                                       | 4         | -4        | null
t00       | int                 | temp      | 2                                       | 4         | -8        | null
d         | int                 | local     |                                         | 4         | -12       | null
arr       | arr(10, int)        | local     |                                         | 40        | -16       | null
t01       | int                 | temp      | 10                                      | 4         | -56       | null
p         | int*                | local     |                                         | 4         | -60       | null
x         | int                 | local     |                                         | 4         | -64       | null
y         | int                 | local     |                                         | 4         | -68       | null
z         | int                 | local     |                                         | 4         | -72       | null
eP        | int                 | local     |                                         | 4         | -76       | null
printStr  | int                 | local     |                                         | 4         | -80       | null
t02       | char*               | temp      | "++++ Enter two numbers : \t"           | 4         | -84       | null
t03       | int                 | temp      |                                         | 4         | -88       | null
readInt   | int                 | local     |                                         | 4         | -92       | null
t04       | int*                | temp      |                                         | 4         | -96       | null
t05       | int                 | temp      |                                         | 4         | -100      | null
t06       | int                 | temp      |                                         | 4         | -104      | null
t07       | int*                | temp      |                                         | 4         | -108      | null
t08       | int                 | temp      |                                         | 4         | -112      | null
t09       | int                 | temp      |                                         | 4         | -116      | null
add       | int                 | local     |                                         | 4         | -120      | null
t10       | int                 | temp      |                                         | 4         | -124      | null
t11       | int                 | temp      |                                         | 4         | -128      | null
t12       | char*               | temp      | "++++ The Sum of numbers entered = "    | 4         | -132      | null
t13       | int                 | temp      |                                         | 4         | -136      | null
printInt  | int                 | local     |                                         | 4         | -140      | null
t14       | int                 | temp      |                                         | 4         | -144      | null
t15       | char*               | temp      | "\n"                                    | 4         | -148      | null
t16       | int                 | temp      |                                         | 4         | -152      | null
~~~~~~~~~~~~~~~~~~~~~~~~~~~~~~~~~~~~~~~~~~~~~~~~~~~~~~~~~~~~~~~~~~~~~~~~~~~~~~~~~~~~~~~~~~~~~~~~~~~~~~~~~~~~~~~~~~~~~~~~~~~~~

